<?xml version="1.0" encoding="UTF-8"?>
<Site BuildName="Linux-c++"
	BuildStamp="20240111-1441-Experimental"
	Name="laptok"
	Generator="ctest-3.22.1"
	CompilerName="/usr/lib/ccache/c++"
	CompilerVersion="11.4.0"
	OSName="Linux"
	Hostname="laptok"
	OSRelease="6.2.0-39-generic"
	OSVersion="#40~22.04.1-Ubuntu SMP PREEMPT_DYNAMIC Thu Nov 16 10:53:04 UTC 2"
	OSPlatform="x86_64"
	Is64Bits="1"
	VendorString="AuthenticAMD"
	VendorID="Advanced Micro Devices"
	FamilyID="23"
	ModelID="104"
	ProcessorCacheSize="512"
	NumberOfLogicalCPU="16"
	NumberOfPhysicalCPU="8"
	TotalVirtualMemory="7628"
	TotalPhysicalMemory="15378"
	LogicalProcessorsPerPhysical="2"
	ProcessorClockFrequency="4329.94"
	>
	<Testing>
		<StartDateTime>Jan 11 16:46 CET</StartDateTime>
		<StartTestTime>1704987995</StartTestTime>
		<TestList/>
		<EndDateTime>Jan 11 16:46 CET</EndDateTime>
		<EndTestTime>1704987995</EndTestTime>
		<ElapsedMinutes>0</ElapsedMinutes>
	</Testing>
</Site>
